<?xml version="1.0" encoding="UTF-8"?>
<testsuites>
    <testsuite name=";as-a-user,-i-can-login-to-the-application-and-create-an-activity-using-manual-entry-mode" tests="22" failures="1" skipped="5">
        <properties>
            <property name="URI" value="/Users/aashwin/UniversityWork/Year_4/AAF/FitnessApp_Assignment/tests/regression_tests/features/activity.feature">
            </property>
        </properties>
        <testcase name="Given The application is loaded" classname=";as-a-user,-i-can-login-to-the-application-and-create-an-activity-using-manual-entry-mode" time="7.954947104">
        </testcase>
        <testcase name="When I enter &quot;{{TEST_USERNAME}}&quot; in the &quot;username&quot; text field" classname=";as-a-user,-i-can-login-to-the-application-and-create-an-activity-using-manual-entry-mode" time="1.241902745">
        </testcase>
        <testcase name="And I enter &quot;{{TEST_PASSWORD}}&quot; in the &quot;password&quot; text field" classname=";as-a-user,-i-can-login-to-the-application-and-create-an-activity-using-manual-entry-mode" time="1.114706575">
        </testcase>
        <testcase name="And I click on the button that has a value of &quot;Login&quot;" classname=";as-a-user,-i-can-login-to-the-application-and-create-an-activity-using-manual-entry-mode" time="0.105428584">
        </testcase>
        <testcase name="Then the application page is loaded" classname=";as-a-user,-i-can-login-to-the-application-and-create-an-activity-using-manual-entry-mode" time="0.015134645">
        </testcase>
        <testcase name="When I click on the link that contains text &quot;Create Activity&quot;" classname=";as-a-user,-i-can-login-to-the-application-and-create-an-activity-using-manual-entry-mode" time="5.164975636">
        </testcase>
        <testcase name="And I click on the link that contains text &quot;Manual Entry&quot;" classname=";as-a-user,-i-can-login-to-the-application-and-create-an-activity-using-manual-entry-mode" time="2.172266367">
        </testcase>
        <testcase name="And I enter &quot;Evening Run&quot; in the text field with the ID &quot;name&quot;" classname=";as-a-user,-i-can-login-to-the-application-and-create-an-activity-using-manual-entry-mode" time="1.610283032">
        </testcase>
        <testcase name="And I tick the radio with name &quot;visibility&quot; and value &quot;2&quot;" classname=";as-a-user,-i-can-login-to-the-application-and-create-an-activity-using-manual-entry-mode" time="1.111680789">
        </testcase>
        <testcase name="And I enter &quot;19&quot; in the text field with the ID &quot;distance&quot;" classname=";as-a-user,-i-can-login-to-the-application-and-create-an-activity-using-manual-entry-mode" time="1.124228396">
        </testcase>
        <testcase name="And I enter &quot;133&quot; in the text field with the ID &quot;elevationInMeters&quot;" classname=";as-a-user,-i-can-login-to-the-application-and-create-an-activity-using-manual-entry-mode" time="1.129285442">
        </testcase>
        <testcase name="And I enter &quot;1&quot; in the text field with the ID &quot;durationH&quot;" classname=";as-a-user,-i-can-login-to-the-application-and-create-an-activity-using-manual-entry-mode" time="1.122189854">
        </testcase>
        <testcase name="And I enter &quot;11&quot; in the text field with the ID &quot;durationM&quot;" classname=";as-a-user,-i-can-login-to-the-application-and-create-an-activity-using-manual-entry-mode" time="1.159107959">
        </testcase>
        <testcase name="And I enter &quot;34&quot; in the text field with the ID &quot;durationS&quot;" classname=";as-a-user,-i-can-login-to-the-application-and-create-an-activity-using-manual-entry-mode" time="1.126863549">
        </testcase>
        <testcase name="And I enter &quot;This was a great run with @Friend&quot; in the text field with the ID &quot;notes&quot;" classname=";as-a-user,-i-can-login-to-the-application-and-create-an-activity-using-manual-entry-mode" time="1.182336834">
        </testcase>
        <testcase name="And I click on the button that has a value of &quot;Add Activity &gt;&gt;&quot;" classname=";as-a-user,-i-can-login-to-the-application-and-create-an-activity-using-manual-entry-mode" time="0.115334092">
        </testcase>
        <testcase name="Then The success notification says &quot;Successfully created activity&quot;" classname=";as-a-user,-i-can-login-to-the-application-and-create-an-activity-using-manual-entry-mode" time="0.728553526">
            <failure message="AssertionError: expected &apos;&apos; to equal &apos;Successfully created activity&apos;">AssertionError: expected &apos;&apos; to equal &apos;Successfully created activity&apos;
    at /Users/aashwin/UniversityWork/Year_4/AAF/FitnessApp_Assignment/tests/regression_tests/step-definitions/general_steps.js:79:44
    at ManagedPromise.invokeCallback_ (/Users/aashwin/UniversityWork/Year_4/AAF/FitnessApp_Assignment/node_modules/selenium-webdriver/lib/promise.js:1366:14)
    at TaskQueue.execute_ (/Users/aashwin/UniversityWork/Year_4/AAF/FitnessApp_Assignment/node_modules/selenium-webdriver/lib/promise.js:3037:14)
    at TaskQueue.executeNext_ (/Users/aashwin/UniversityWork/Year_4/AAF/FitnessApp_Assignment/node_modules/selenium-webdriver/lib/promise.js:3020:27)
    at asyncRun (/Users/aashwin/UniversityWork/Year_4/AAF/FitnessApp_Assignment/node_modules/selenium-webdriver/lib/promise.js:2880:27)
    at /Users/aashwin/UniversityWork/Year_4/AAF/FitnessApp_Assignment/node_modules/selenium-webdriver/lib/promise.js:676:7
    at process._tickCallback (internal/process/next_tick.js:103:7)</failure>
        </testcase>
        <testcase name="And The page heading says &quot;Evening Run&quot;" classname=";as-a-user,-i-can-login-to-the-application-and-create-an-activity-using-manual-entry-mode">
            <skipped message="">
            </skipped>
        </testcase>
        <testcase name="And The &quot;Distance&quot; dashcard has the value of &quot;30.58&quot;" classname=";as-a-user,-i-can-login-to-the-application-and-create-an-activity-using-manual-entry-mode">
            <skipped message="">
            </skipped>
        </testcase>
        <testcase name="And The &quot;Elevation&quot; dashcard has the value of &quot;133&quot;" classname=";as-a-user,-i-can-login-to-the-application-and-create-an-activity-using-manual-entry-mode">
            <skipped message="">
            </skipped>
        </testcase>
        <testcase name="And The &quot;Duration&quot; dashcard has the text of &quot;01:11:34&quot;" classname=";as-a-user,-i-can-login-to-the-application-and-create-an-activity-using-manual-entry-mode">
            <skipped message="">
            </skipped>
        </testcase>
        <testcase name="And I delete all activities of this user via the REST API" classname=";as-a-user,-i-can-login-to-the-application-and-create-an-activity-using-manual-entry-mode">
            <skipped message="">
            </skipped>
        </testcase>
    </testsuite>
    <testsuite name=";as-a-user,-i-can-login-to-the-application-and-create-an-activity-and-add-a-comment" tests="16" failures="0" skipped="0">
        <properties>
            <property name="URI" value="/Users/aashwin/UniversityWork/Year_4/AAF/FitnessApp_Assignment/tests/regression_tests/features/activity.feature">
            </property>
        </properties>
        <testcase name="Given The application is loaded" classname=";as-a-user,-i-can-login-to-the-application-and-create-an-activity-and-add-a-comment" time="5.970303083">
        </testcase>
        <testcase name="When I enter &quot;{{TEST_USERNAME}}&quot; in the &quot;username&quot; text field" classname=";as-a-user,-i-can-login-to-the-application-and-create-an-activity-and-add-a-comment" time="1.115187162">
        </testcase>
        <testcase name="And I enter &quot;{{TEST_PASSWORD}}&quot; in the &quot;password&quot; text field" classname=";as-a-user,-i-can-login-to-the-application-and-create-an-activity-and-add-a-comment" time="1.110845298">
        </testcase>
        <testcase name="And I click on the button that has a value of &quot;Login&quot;" classname=";as-a-user,-i-can-login-to-the-application-and-create-an-activity-and-add-a-comment" time="0.107436877">
        </testcase>
        <testcase name="Then the application page is loaded" classname=";as-a-user,-i-can-login-to-the-application-and-create-an-activity-and-add-a-comment" time="0.014783663">
        </testcase>
        <testcase name="When I click on the link that contains text &quot;Create Activity&quot;" classname=";as-a-user,-i-can-login-to-the-application-and-create-an-activity-and-add-a-comment" time="4.954809456">
        </testcase>
        <testcase name="And I click on the link that contains text &quot;Manual Entry&quot;" classname=";as-a-user,-i-can-login-to-the-application-and-create-an-activity-and-add-a-comment" time="2.190428081">
        </testcase>
        <testcase name="And I enter &quot;Evening Run&quot; in the text field with the ID &quot;name&quot;" classname=";as-a-user,-i-can-login-to-the-application-and-create-an-activity-and-add-a-comment" time="1.181733338">
        </testcase>
        <testcase name="And I tick the radio with name &quot;visibility&quot; and value &quot;2&quot;" classname=";as-a-user,-i-can-login-to-the-application-and-create-an-activity-and-add-a-comment" time="1.104785881">
        </testcase>
        <testcase name="And I click on the button that has a value of &quot;Add Activity &gt;&gt;&quot;" classname=";as-a-user,-i-can-login-to-the-application-and-create-an-activity-and-add-a-comment" time="0.094996184">
        </testcase>
        <testcase name="Then The success notification says &quot;Successfully created activity&quot;" classname=";as-a-user,-i-can-login-to-the-application-and-create-an-activity-and-add-a-comment" time="0.744412477">
        </testcase>
        <testcase name="And The page heading says &quot;Evening Run&quot;" classname=";as-a-user,-i-can-login-to-the-application-and-create-an-activity-and-add-a-comment" time="1.096491454">
        </testcase>
        <testcase name="When I enter &quot;This is a good run mate, keep it going!&quot; in the text field with the ID &quot;comment&quot;" classname=";as-a-user,-i-can-login-to-the-application-and-create-an-activity-and-add-a-comment" time="1.270511117">
        </testcase>
        <testcase name="And I click on the button that has a value of &quot;Add Comment &gt;&gt;&quot;" classname=";as-a-user,-i-can-login-to-the-application-and-create-an-activity-and-add-a-comment" time="0.189315329">
        </testcase>
        <testcase name="Then I verify that there is a comment &quot;This is a good run mate, keep it going!&quot;" classname=";as-a-user,-i-can-login-to-the-application-and-create-an-activity-and-add-a-comment" time="1.562718962">
        </testcase>
        <testcase name="And I delete all activities of this user via the REST API" classname=";as-a-user,-i-can-login-to-the-application-and-create-an-activity-and-add-a-comment" time="0.241571944">
        </testcase>
    </testsuite>
    <testsuite name=";as-a-user,-i-can-login-to-the-application-and-search-for-activities" tests="15" failures="1" skipped="1">
        <properties>
            <property name="URI" value="/Users/aashwin/UniversityWork/Year_4/AAF/FitnessApp_Assignment/tests/regression_tests/features/activity.feature">
            </property>
        </properties>
        <testcase name="Given The application is loaded" classname=";as-a-user,-i-can-login-to-the-application-and-search-for-activities" time="5.734743245">
        </testcase>
        <testcase name="When I enter &quot;{{TEST_USERNAME}}&quot; in the &quot;username&quot; text field" classname=";as-a-user,-i-can-login-to-the-application-and-search-for-activities" time="1.138031923">
        </testcase>
        <testcase name="And I enter &quot;{{TEST_PASSWORD}}&quot; in the &quot;password&quot; text field" classname=";as-a-user,-i-can-login-to-the-application-and-search-for-activities" time="1.114425859">
        </testcase>
        <testcase name="And I click on the button that has a value of &quot;Login&quot;" classname=";as-a-user,-i-can-login-to-the-application-and-search-for-activities" time="0.11294702">
        </testcase>
        <testcase name="Then the application page is loaded" classname=";as-a-user,-i-can-login-to-the-application-and-search-for-activities" time="0.014287531">
        </testcase>
        <testcase name="When I click on the link that contains text &quot;Create Activity&quot;" classname=";as-a-user,-i-can-login-to-the-application-and-search-for-activities" time="4.80715587">
        </testcase>
        <testcase name="And I click on the link that contains text &quot;Manual Entry&quot;" classname=";as-a-user,-i-can-login-to-the-application-and-search-for-activities" time="2.196308638">
        </testcase>
        <testcase name="And I enter &quot;Very Random Name 123&quot; in the text field with the ID &quot;name&quot;" classname=";as-a-user,-i-can-login-to-the-application-and-search-for-activities" time="1.172265199">
        </testcase>
        <testcase name="And I click on the button that has a value of &quot;Add Activity &gt;&gt;&quot;" classname=";as-a-user,-i-can-login-to-the-application-and-search-for-activities" time="0.102402821">
        </testcase>
        <testcase name="Then The success notification says &quot;Successfully created activity&quot;" classname=";as-a-user,-i-can-login-to-the-application-and-search-for-activities" time="0.694874735">
        </testcase>
        <testcase name="And The page heading says &quot;Very Random Name 123&quot;" classname=";as-a-user,-i-can-login-to-the-application-and-search-for-activities" time="1.055355501">
        </testcase>
        <testcase name="When I click on the link that contains text &quot;Search&quot;" classname=";as-a-user,-i-can-login-to-the-application-and-search-for-activities" time="2.111428457">
        </testcase>
        <testcase name="And I enter &quot;Very Random Name 123&quot; in the text field with the ID &quot;search_query&quot;" classname=";as-a-user,-i-can-login-to-the-application-and-search-for-activities" time="1.173752826">
        </testcase>
        <testcase name="And I verify that there is atleast 1 search result" classname=";as-a-user,-i-can-login-to-the-application-and-search-for-activities" time="2.004956382">
            <failure message="TypeError: by.class is not a function">TypeError: by.class is not a function
    at /Users/aashwin/UniversityWork/Year_4/AAF/FitnessApp_Assignment/tests/regression_tests/step-definitions/general_steps.js:134:48
    at ManagedPromise.invokeCallback_ (/Users/aashwin/UniversityWork/Year_4/AAF/FitnessApp_Assignment/node_modules/selenium-webdriver/lib/promise.js:1366:14)
    at TaskQueue.execute_ (/Users/aashwin/UniversityWork/Year_4/AAF/FitnessApp_Assignment/node_modules/selenium-webdriver/lib/promise.js:3037:14)
    at TaskQueue.executeNext_ (/Users/aashwin/UniversityWork/Year_4/AAF/FitnessApp_Assignment/node_modules/selenium-webdriver/lib/promise.js:3020:27)
    at asyncRun (/Users/aashwin/UniversityWork/Year_4/AAF/FitnessApp_Assignment/node_modules/selenium-webdriver/lib/promise.js:2880:27)
    at /Users/aashwin/UniversityWork/Year_4/AAF/FitnessApp_Assignment/node_modules/selenium-webdriver/lib/promise.js:676:7</failure>
        </testcase>
        <testcase name="And I delete all activities of this user via the REST API" classname=";as-a-user,-i-can-login-to-the-application-and-search-for-activities">
            <skipped message="">
            </skipped>
        </testcase>
    </testsuite>
    <testsuite name=";as-a-user,-i-can-login-to-the-application" tests="6" failures="0" skipped="0">
        <properties>
            <property name="URI" value="/Users/aashwin/UniversityWork/Year_4/AAF/FitnessApp_Assignment/tests/regression_tests/features/login_register.feature">
            </property>
        </properties>
        <testcase name="Given The application is loaded" classname=";as-a-user,-i-can-login-to-the-application" time="5.223978094">
        </testcase>
        <testcase name="When I enter &quot;{{TEST_USERNAME}}&quot; in the &quot;username&quot; text field" classname=";as-a-user,-i-can-login-to-the-application" time="1.118339759">
        </testcase>
        <testcase name="And I enter &quot;{{TEST_PASSWORD}}&quot; in the &quot;password&quot; text field" classname=";as-a-user,-i-can-login-to-the-application" time="1.107739589">
        </testcase>
        <testcase name="And I click on the button that has a value of &quot;Login&quot;" classname=";as-a-user,-i-can-login-to-the-application" time="0.125415589">
        </testcase>
        <testcase name="Then the application page is loaded" classname=";as-a-user,-i-can-login-to-the-application" time="0.01118065">
        </testcase>
        <testcase name="And The page heading says &quot;My Activities&quot;" classname=";as-a-user,-i-can-login-to-the-application" time="2.996193165">
        </testcase>
    </testsuite>
    <testsuite name=";as-a-user,-i-try-to-edit-my-profile" tests="21" failures="1" skipped="19">
        <properties>
            <property name="URI" value="/Users/aashwin/UniversityWork/Year_4/AAF/FitnessApp_Assignment/tests/regression_tests/features/profile.feature">
            </property>
        </properties>
        <testcase name="Given The application is loaded" classname=";as-a-user,-i-try-to-edit-my-profile" time="4.470984945">
        </testcase>
        <testcase name="When I enter &quot;{{TEST_USERNAME}}&quot; in the &quot;username&quot; text field" classname=";as-a-user,-i-try-to-edit-my-profile" time="10.000489775">
            <failure message="function timed out after 10000 milliseconds">function timed out after 10000 milliseconds</failure>
        </testcase>
        <testcase name="And I enter &quot;{{TEST_PASSWORD}}&quot; in the &quot;password&quot; text field" classname=";as-a-user,-i-try-to-edit-my-profile">
            <skipped message="">
            </skipped>
        </testcase>
        <testcase name="And I click on the button that has a value of &quot;Login&quot;" classname=";as-a-user,-i-try-to-edit-my-profile">
            <skipped message="">
            </skipped>
        </testcase>
        <testcase name="Then the application page is loaded" classname=";as-a-user,-i-try-to-edit-my-profile">
            <skipped message="">
            </skipped>
        </testcase>
        <testcase name="When I click on the link that contains text &quot;Hey &quot;" classname=";as-a-user,-i-try-to-edit-my-profile">
            <skipped message="">
            </skipped>
        </testcase>
        <testcase name="And I enter &quot;Bruce Wayne&quot; in the text field with the ID &quot;name&quot;" classname=";as-a-user,-i-try-to-edit-my-profile">
            <skipped message="">
            </skipped>
        </testcase>
        <testcase name="And I enter &quot;bruce@gotham.com&quot; in the text field with the ID &quot;email&quot;" classname=";as-a-user,-i-try-to-edit-my-profile">
            <skipped message="">
            </skipped>
        </testcase>
        <testcase name="And I enter &quot;76.2&quot; in the text field with the ID &quot;weightInKg&quot;" classname=";as-a-user,-i-try-to-edit-my-profile">
            <skipped message="">
            </skipped>
        </testcase>
        <testcase name="And I click on the button that has a value of &quot;Update Profile &gt;&gt;&quot;" classname=";as-a-user,-i-try-to-edit-my-profile">
            <skipped message="">
            </skipped>
        </testcase>
        <testcase name="Then The success notification says &quot;Successfully updated your profile&quot;" classname=";as-a-user,-i-try-to-edit-my-profile">
            <skipped message="">
            </skipped>
        </testcase>
        <testcase name="When I reload application" classname=";as-a-user,-i-try-to-edit-my-profile">
            <skipped message="">
            </skipped>
        </testcase>
        <testcase name="And I click on the link that contains text &quot;Hey Bruce&quot;" classname=";as-a-user,-i-try-to-edit-my-profile">
            <skipped message="">
            </skipped>
        </testcase>
        <testcase name="And I verify the text field with ID &quot;email&quot; contains &quot;bruce@gotham.com&quot;" classname=";as-a-user,-i-try-to-edit-my-profile">
            <skipped message="">
            </skipped>
        </testcase>
        <testcase name="And I verify the text field with ID &quot;weightInKg&quot; contains &quot;76.2&quot;" classname=";as-a-user,-i-try-to-edit-my-profile">
            <skipped message="">
            </skipped>
        </testcase>
        <testcase name="Then I verify the text field with ID &quot;name&quot; contains &quot;Bruce Wayne&quot;" classname=";as-a-user,-i-try-to-edit-my-profile">
            <skipped message="">
            </skipped>
        </testcase>
        <testcase name="And I enter &quot;&quot; in the text field with the ID &quot;name&quot;" classname=";as-a-user,-i-try-to-edit-my-profile">
            <skipped message="">
            </skipped>
        </testcase>
        <testcase name="And I enter &quot;&quot; in the text field with the ID &quot;email&quot;" classname=";as-a-user,-i-try-to-edit-my-profile">
            <skipped message="">
            </skipped>
        </testcase>
        <testcase name="And I enter &quot;&quot; in the text field with the ID &quot;weightInKg&quot;" classname=";as-a-user,-i-try-to-edit-my-profile">
            <skipped message="">
            </skipped>
        </testcase>
        <testcase name="And I click on the button that has a value of &quot;Update Profile &gt;&gt;&quot;" classname=";as-a-user,-i-try-to-edit-my-profile">
            <skipped message="">
            </skipped>
        </testcase>
        <testcase name="Then The success notification says &quot;Successfully updated your profile&quot;" classname=";as-a-user,-i-try-to-edit-my-profile">
            <skipped message="">
            </skipped>
        </testcase>
    </testsuite>
</testsuites>